<!DOCTYPE html>

<html>
  <head>
  <meta charset='utf-8'>
  <title>TestNG reports</title>

    <link type="text/css" href="testng-reports1.css" rel="stylesheet" id="ultra" />
    <link type="text/css" href="testng-reports.css" rel="stylesheet" id="retro" disabled="false"/>
    <script type="text/javascript" src="jquery-3.6.0.min.js"></script>
    <script type="text/javascript" src="testng-reports.js"></script>
    <script type="text/javascript" src="https://www.google.com/jsapi"></script>
    <script type='text/javascript'>
      google.load('visualization', '1', {packages:['table']});
      google.setOnLoadCallback(drawTable);
      var suiteTableInitFunctions = new Array();
      var suiteTableData = new Array();
    </script>
    <!--
      <script type="text/javascript" src="jquery-ui/js/jquery-ui-1.8.16.custom.min.js"></script>
     -->
  </head>

  <body>    <div class="top-banner-root">
      <span class="top-banner-title-font">Test results</span>
      <button id="button" class="button">Switch Retro Theme</button> <!-- button -->
      <br/>
      <span class="top-banner-font-1">1 suite, 2 failed tests</span>
    </div> <!-- top-banner-root -->
    <div class="navigator-root">
      <div class="navigator-suite-header">
        <span>All suites</span>
        <a href="#" title="Collapse/expand all the suites" class="collapse-all-link">
          <img src="collapseall.gif" class="collapse-all-icon">
          </img> <!-- collapse-all-icon -->
        </a> <!-- collapse-all-link -->
      </div> <!-- navigator-suite-header -->
      <div class="suite">
        <div class="rounded-window">
          <div class="suite-header light-rounded-window-top">
            <a href="#" panel-name="suite-Default_suite" class="navigator-link">
              <span class="suite-name border-failed">Default suite</span>
            </a> <!-- navigator-link -->
          </div> <!-- suite-header light-rounded-window-top -->
          <div class="navigator-suite-content">
            <div class="suite-section-title">
              <span>Info</span>
            </div> <!-- suite-section-title -->
            <div class="suite-section-content">
              <ul>
                <li>
                  <a href="#" panel-name="test-xml-Default_suite" class="navigator-link ">
                    <span>C:\Users\karth\AppData\Local\Temp\testng-eclipse-546184349\testng-customsuite.xml</span>
                  </a> <!-- navigator-link  -->
                </li>
                <li>
                  <a href="#" panel-name="testlist-Default_suite" class="navigator-link ">
                    <span class="test-stats">1 test</span>
                  </a> <!-- navigator-link  -->
                </li>
                <li>
                  <a href="#" panel-name="group-Default_suite" class="navigator-link ">
                    <span>1 group</span>
                  </a> <!-- navigator-link  -->
                </li>
                <li>
                  <a href="#" panel-name="times-Default_suite" class="navigator-link ">
                    <span>Times</span>
                  </a> <!-- navigator-link  -->
                </li>
                <li>
                  <a href="#" panel-name="reporter-Default_suite" class="navigator-link ">
                    <span>Reporter output</span>
                  </a> <!-- navigator-link  -->
                </li>
                <li>
                  <a href="#" panel-name="ignored-methods-Default_suite" class="navigator-link ">
                    <span>Ignored methods</span>
                  </a> <!-- navigator-link  -->
                </li>
                <li>
                  <a href="#" panel-name="chronological-Default_suite" class="navigator-link ">
                    <span>Chronological view</span>
                  </a> <!-- navigator-link  -->
                </li>
              </ul>
            </div> <!-- suite-section-content -->
            <div class="result-section">
              <div class="suite-section-title">
                <span>Results</span>
              </div> <!-- suite-section-title -->
              <div class="suite-section-content">
                <ul>
                  <li>
                    <span class="method-stats">4 methods, 2 failed,   2 passed</span>
                  </li>
                  <li>
                    <span class="method-list-title failed">Failed methods</span>
                    <span class="show-or-hide-methods failed">
                      <a href="#" panel-name="suite-Default_suite" class="hide-methods failed suite-Default_suite"> (hide)</a> <!-- hide-methods failed suite-Default_suite -->
                      <a href="#" panel-name="suite-Default_suite" class="show-methods failed suite-Default_suite"> (show)</a> <!-- show-methods failed suite-Default_suite -->
                    </span>
                    <div class="method-list-content failed suite-Default_suite">
                      <span>
                        <img src="failed.png" width="3%"/>
                        <a href="#" panel-name="suite-Default_suite" title="testRunner.TestRunner" class="method navigator-link" hash-for-method="runScenario(&quot;: Serach Experience for product search in both homepage and offer page&quot;, &quot;search and place the orde...)">runScenario(": Serach Experience for product search in both homepage and offer page", "search and place the orde...)</a> <!-- method navigator-link -->
                      </span>
                      <br/>
                      <span>
                        <img src="failed.png" width="3%"/>
                        <a href="#" panel-name="suite-Default_suite" title="testRunner.TestRunner" class="method navigator-link" hash-for-method="runScenario(&quot;: Serach Experience for product search in both homepage and offer page&quot;, &quot;search and place the orde...)">runScenario(": Serach Experience for product search in both homepage and offer page", "search and place the orde...)</a> <!-- method navigator-link -->
                      </span>
                      <br/>
                    </div> <!-- method-list-content failed suite-Default_suite -->
                  </li>
                  <li>
                    <span class="method-list-title passed">Passed methods</span>
                    <span class="show-or-hide-methods passed">
                      <a href="#" panel-name="suite-Default_suite" class="hide-methods passed suite-Default_suite"> (hide)</a> <!-- hide-methods passed suite-Default_suite -->
                      <a href="#" panel-name="suite-Default_suite" class="show-methods passed suite-Default_suite"> (show)</a> <!-- show-methods passed suite-Default_suite -->
                    </span>
                    <div class="method-list-content passed suite-Default_suite">
                      <span>
                        <img src="passed.png" width="3%"/>
                        <a href="#" panel-name="suite-Default_suite" title="testRunner.TestRunner" class="method navigator-link" hash-for-method="runScenario(&quot;add product to tag&quot;, &quot;Add product to cart&quot;)">runScenario("add product to tag", "Add product to cart")</a> <!-- method navigator-link -->
                      </span>
                      <br/>
                      <span>
                        <img src="passed.png" width="3%"/>
                        <a href="#" panel-name="suite-Default_suite" title="testRunner.TestRunner" class="method navigator-link" hash-for-method="runScenario(&quot;add product to tag&quot;, &quot;Add product to cart&quot;)">runScenario("add product to tag", "Add product to cart")</a> <!-- method navigator-link -->
                      </span>
                      <br/>
                    </div> <!-- method-list-content passed suite-Default_suite -->
                  </li>
                </ul>
              </div> <!-- suite-section-content -->
            </div> <!-- result-section -->
          </div> <!-- navigator-suite-content -->
        </div> <!-- rounded-window -->
      </div> <!-- suite -->
    </div> <!-- navigator-root -->
    <div class="wrapper">
      <div class="main-panel-root">
        <div panel-name="suite-Default_suite" class="panel Default_suite">
          <div class="suite-Default_suite-class-failed">
            <div class="main-panel-header rounded-window-top">
              <img src="failed.png"/>
              <span class="class-name">testRunner.TestRunner</span>
            </div> <!-- main-panel-header rounded-window-top -->
            <div class="main-panel-content rounded-window-bottom">
              <div class="method">
                <div class="method-content">
                  <a name="runScenario(&quot;: Serach Experience for product search in both homepage and offer page&quot;, &quot;search and place the orde...)">
                  </a> <!-- runScenario(": Serach Experience for product search in both homepage and offer page", "search and place the orde...) -->
                  <span class="method-name">runScenario</span>
                  <span class="parameters">(": Serach Experience for product search in both homepage and offer page","search and place the order of product")</span>
                  <div class="stack-trace">org.openqa.selenium.remote.NoSuchDriverException: Unable to obtain: chromedriver, error Command failed with code: 65, executed: [--browser, chrome, --language-binding, java, --output, json]
error sending request for url (https://googlechromelabs.github.io/chrome-for-testing/known-good-versions-with-downloads.json)
Build info: version: &apos;4.27.0&apos;, revision: &apos;d6e718d&apos;
System info: os.name: &apos;Windows 11&apos;, os.arch: &apos;amd64&apos;, os.version: &apos;10.0&apos;, java.version: &apos;23.0.1&apos;
Driver info: driver.version: ChromeDriver
	at org.openqa.selenium.remote.service.DriverFinder.getBinaryPaths(DriverFinder.java:121)
	at org.openqa.selenium.remote.service.DriverFinder.getDriverPath(DriverFinder.java:55)
	at org.openqa.selenium.chrome.ChromeDriver.generateExecutor(ChromeDriver.java:99)
	at org.openqa.selenium.chrome.ChromeDriver.&lt;init&gt;(ChromeDriver.java:88)
	at org.openqa.selenium.chrome.ChromeDriver.&lt;init&gt;(ChromeDriver.java:83)
	at org.openqa.selenium.chrome.ChromeDriver.&lt;init&gt;(ChromeDriver.java:51)
	at Utility.TestBase.webdriverManager(TestBase.java:25)
	at Utility.TestContestSetup.&lt;init&gt;(TestContestSetup.java:18)
	at java.base/jdk.internal.reflect.DirectConstructorHandleAccessor.newInstance(DirectConstructorHandleAccessor.java:62)
	at java.base/java.lang.reflect.Constructor.newInstanceWithCaller(Constructor.java:501)
	at java.base/java.lang.reflect.Constructor.newInstance(Constructor.java:485)
	at org.picocontainer.injectors.AbstractInjector.newInstance(AbstractInjector.java:145)
	at org.picocontainer.injectors.ConstructorInjector$1.run(ConstructorInjector.java:342)
	at org.picocontainer.injectors.AbstractInjector$ThreadLocalCyclicDependencyGuard.observe(AbstractInjector.java:270)
	at org.picocontainer.injectors.ConstructorInjector.getComponentInstance(ConstructorInjector.java:364)
	at org.picocontainer.injectors.AbstractInjectionFactory$LifecycleAdapter.getComponentInstance(AbstractInjectionFactory.java:56)
	at org.picocontainer.behaviors.AbstractBehavior.getComponentInstance(AbstractBehavior.java:64)
	at org.picocontainer.behaviors.Stored.getComponentInstance(Stored.java:91)
	at org.picocontainer.DefaultPicoContainer.getInstance(DefaultPicoContainer.java:699)
	at org.picocontainer.DefaultPicoContainer.getComponent(DefaultPicoContainer.java:647)
	at org.picocontainer.DefaultPicoContainer.getComponent(DefaultPicoContainer.java:632)
	at org.picocontainer.parameters.BasicComponentParameter$1.resolveInstance(BasicComponentParameter.java:118)
	at org.picocontainer.parameters.ComponentParameter$1.resolveInstance(ComponentParameter.java:136)
	at org.picocontainer.injectors.SingleMemberInjector.getParameter(SingleMemberInjector.java:78)
	at org.picocontainer.injectors.ConstructorInjector$CtorAndAdapters.getParameterArguments(ConstructorInjector.java:309)
	at org.picocontainer.injectors.ConstructorInjector$1.run(ConstructorInjector.java:335)
	at org.picocontainer.injectors.AbstractInjector$ThreadLocalCyclicDependencyGuard.observe(AbstractInjector.java:270)
	at org.picocontainer.injectors.ConstructorInjector.getComponentInstance(ConstructorInjector.java:364)
	at org.picocontainer.injectors.AbstractInjectionFactory$LifecycleAdapter.getComponentInstance(AbstractInjectionFactory.java:56)
	at org.picocontainer.behaviors.AbstractBehavior.getComponentInstance(AbstractBehavior.java:64)
	at org.picocontainer.behaviors.Stored.getComponentInstance(Stored.java:91)
	at org.picocontainer.DefaultPicoContainer.getInstance(DefaultPicoContainer.java:699)
	at org.picocontainer.DefaultPicoContainer.getComponent(DefaultPicoContainer.java:647)
	at org.picocontainer.DefaultPicoContainer.getComponent(DefaultPicoContainer.java:678)
	at io.cucumber.picocontainer.PicoFactory.getInstance(PicoFactory.java:64)
	at io.cucumber.java.AbstractGlueDefinition.invokeMethod(AbstractGlueDefinition.java:47)
	at io.cucumber.java.JavaStepDefinition.execute(JavaStepDefinition.java:29)
	at io.cucumber.core.runner.CoreStepDefinition.execute(CoreStepDefinition.java:66)
	at io.cucumber.core.runner.PickleStepDefinitionMatch.runStep(PickleStepDefinitionMatch.java:63)
	at io.cucumber.core.runner.ExecutionMode$1.execute(ExecutionMode.java:10)
	at io.cucumber.core.runner.TestStep.executeStep(TestStep.java:81)
	at io.cucumber.core.runner.TestStep.run(TestStep.java:53)
	at io.cucumber.core.runner.PickleStepTestStep.run(PickleStepTestStep.java:51)
	at io.cucumber.core.runner.TestCase.run(TestCase.java:84)
	at io.cucumber.core.runner.Runner.runPickle(Runner.java:75)
	at io.cucumber.testng.TestNGCucumberRunner.lambda$runScenario$1(TestNGCucumberRunner.java:132)
	at io.cucumber.core.runtime.CucumberExecutionContext.lambda$runTestCase$5(CucumberExecutionContext.java:136)
	at io.cucumber.core.runtime.RethrowingThrowableCollector.executeAndThrow(RethrowingThrowableCollector.java:23)
	at io.cucumber.core.runtime.CucumberExecutionContext.runTestCase(CucumberExecutionContext.java:136)
	at io.cucumber.testng.TestNGCucumberRunner.runScenario(TestNGCucumberRunner.java:129)
	at io.cucumber.testng.AbstractTestNGCucumberTests.runScenario(AbstractTestNGCucumberTests.java:35)
	at java.base/jdk.internal.reflect.DirectMethodHandleAccessor.invoke(DirectMethodHandleAccessor.java:103)
	at java.base/java.lang.reflect.Method.invoke(Method.java:580)
	at org.testng.internal.invokers.MethodInvocationHelper.invokeMethod(MethodInvocationHelper.java:141)
	at org.testng.internal.invokers.TestInvoker.invokeMethod(TestInvoker.java:686)
	at org.testng.internal.invokers.TestInvoker.invokeTestMethod(TestInvoker.java:230)
	at org.testng.internal.invokers.TestMethodWithDataProviderMethodWorker.call(TestMethodWithDataProviderMethodWorker.java:81)
	at org.testng.internal.thread.Async$AsyncTask.run(Async.java:34)
	at java.base/java.util.concurrent.ThreadPoolExecutor.runWorker(ThreadPoolExecutor.java:1144)
	at java.base/java.util.concurrent.ThreadPoolExecutor$Worker.run(ThreadPoolExecutor.java:642)
	at java.base/java.lang.Thread.run(Thread.java:1575)
Caused by: org.openqa.selenium.WebDriverException: Command failed with code: 65, executed: [--browser, chrome, --language-binding, java, --output, json]
error sending request for url (https://googlechromelabs.github.io/chrome-for-testing/known-good-versions-with-downloads.json)
Build info: version: &apos;4.27.0&apos;, revision: &apos;d6e718d&apos;
System info: os.name: &apos;Windows 11&apos;, os.arch: &apos;amd64&apos;, os.version: &apos;10.0&apos;, java.version: &apos;23.0.1&apos;
Driver info: driver.version: ChromeDriver
	at org.openqa.selenium.manager.SeleniumManager.runCommand(SeleniumManager.java:170)
	at org.openqa.selenium.manager.SeleniumManager.getBinaryPaths(SeleniumManager.java:251)
	at org.openqa.selenium.remote.service.DriverFinder.getBinaryPaths(DriverFinder.java:102)
	... 60 more

</div> <!-- stack-trace -->
                  <em>
(Runs Cucumber Scenarios)                  </em>
                </div> <!-- method-content -->
              </div> <!-- method -->
              <div class="method">
                <div class="method-content">
                  <a name="runScenario(&quot;: Serach Experience for product search in both homepage and offer page&quot;, &quot;search and place the orde...)">
                  </a> <!-- runScenario(": Serach Experience for product search in both homepage and offer page", "search and place the orde...) -->
                  <span class="method-name">runScenario</span>
                  <span class="parameters">(": Serach Experience for product search in both homepage and offer page","search and place the order of product")</span>
                  <div class="stack-trace">org.openqa.selenium.remote.UnreachableBrowserException: Error communicating with the remote browser. It may have died.
Build info: version: &apos;4.27.0&apos;, revision: &apos;d6e718d&apos;
System info: os.name: &apos;Windows 11&apos;, os.arch: &apos;amd64&apos;, os.version: &apos;10.0&apos;, java.version: &apos;23.0.1&apos;
Driver info: org.openqa.selenium.chrome.ChromeDriver
Command: [5e7e6e473f6ce9e4af9938e692e11a81, findElement [using, value]]
Capabilities {acceptInsecureCerts: false, browserName: chrome, browserVersion: 131.0.6778.86, chrome: {chromedriverVersion: 131.0.6778.85 (3d81e41b6f3a..., userDataDir: C:\Users\karth\AppData\Loca...}, fedcm:accounts: true, goog:chromeOptions: {debuggerAddress: localhost:40784}, networkConnectionEnabled: false, pageLoadStrategy: normal, platformName: windows, proxy: Proxy(), se:cdp: ws://localhost:40784/devtoo..., se:cdpVersion: 131.0.6778.86, setWindowRect: true, strictFileInteractability: false, timeouts: {implicit: 0, pageLoad: 300000, script: 30000}, unhandledPromptBehavior: dismiss and notify, webauthn:extension:credBlob: true, webauthn:extension:largeBlob: true, webauthn:extension:minPinLength: true, webauthn:extension:prf: true, webauthn:virtualAuthenticators: true}
Session ID: 5e7e6e473f6ce9e4af9938e692e11a81
	at org.openqa.selenium.remote.RemoteWebDriver.execute(RemoteWebDriver.java:572)
	at org.openqa.selenium.remote.ElementLocation$ElementFinder$2.findElement(ElementLocation.java:165)
	at org.openqa.selenium.remote.ElementLocation.findElement(ElementLocation.java:59)
	at org.openqa.selenium.remote.RemoteWebDriver.findElement(RemoteWebDriver.java:368)
	at org.openqa.selenium.remote.RemoteWebDriver.findElement(RemoteWebDriver.java:362)
	at PageObject.OfferPage.getProductName(OfferPage.java:26)
	at stepdefinations.OfferPageLanding.user_searched_for_same_short_name_of_in_offers_page_if_product_exist(OfferPageLanding.java:28)
	at âœ½.User searched for same short name of &quot;beet&quot; in offers page if product exist(file:///C:/Users/karth/Desktop/Saikumar/javaseleniumcucmber/automationJavaSelenium/src/test/java/Features/serachProduct.feature:8)
Caused by: java.io.UncheckedIOException: java.io.IOException: HTTP/1.1 header parser received no bytes
	at org.openqa.selenium.remote.http.jdk.JdkHttpClient.execute0(JdkHttpClient.java:496)
	at org.openqa.selenium.remote.http.AddSeleniumUserAgent.lambda$apply$0(AddSeleniumUserAgent.java:42)
	at org.openqa.selenium.remote.http.Filter.lambda$andFinally$1(Filter.java:55)
	at org.openqa.selenium.remote.http.jdk.JdkHttpClient.lambda$executeAsync$1(JdkHttpClient.java:383)
	at java.base/java.util.concurrent.Executors$RunnableAdapter.call(Executors.java:572)
	at java.base/java.util.concurrent.FutureTask.run(FutureTask.java:317)
	at java.base/java.util.concurrent.ThreadPoolExecutor.runWorker(ThreadPoolExecutor.java:1144)
	at java.base/java.util.concurrent.ThreadPoolExecutor$Worker.run(ThreadPoolExecutor.java:642)
	at java.base/java.lang.Thread.run(Thread.java:1575)
Caused by: java.io.IOException: HTTP/1.1 header parser received no bytes
	at java.net.http/jdk.internal.net.http.HttpClientImpl.send(HttpClientImpl.java:971)
	at java.net.http/jdk.internal.net.http.HttpClientFacade.send(HttpClientFacade.java:133)
	at org.openqa.selenium.remote.http.jdk.JdkHttpClient.execute0(JdkHttpClient.java:455)
	... 8 more
Caused by: java.io.IOException: HTTP/1.1 header parser received no bytes
	at java.net.http/jdk.internal.net.http.common.Utils.wrapWithExtraDetail(Utils.java:440)
	at java.net.http/jdk.internal.net.http.Http1Response$HeadersReader.onReadError(Http1Response.java:590)
	at java.net.http/jdk.internal.net.http.Http1AsyncReceiver.checkForErrors(Http1AsyncReceiver.java:302)
	at java.net.http/jdk.internal.net.http.Http1AsyncReceiver.flush(Http1AsyncReceiver.java:268)
	at java.net.http/jdk.internal.net.http.common.SequentialScheduler$LockingRestartableTask.run(SequentialScheduler.java:182)
	at java.net.http/jdk.internal.net.http.common.SequentialScheduler$CompleteRestartableTask.run(SequentialScheduler.java:149)
	at java.net.http/jdk.internal.net.http.common.SequentialScheduler$SchedulableTask.run(SequentialScheduler.java:207)
	... 3 more
Caused by: java.net.SocketException: Connection reset
	at java.base/sun.nio.ch.SocketChannelImpl.throwConnectionReset(SocketChannelImpl.java:403)
	at java.base/sun.nio.ch.SocketChannelImpl.implRead(SocketChannelImpl.java:435)
	at java.base/sun.nio.ch.SocketChannelImpl.read(SocketChannelImpl.java:493)
	at java.net.http/jdk.internal.net.http.SocketTube.readAvailable(SocketTube.java:1178)
	at java.net.http/jdk.internal.net.http.SocketTube$InternalReadPublisher$InternalReadSubscription.read(SocketTube.java:841)
	at java.net.http/jdk.internal.net.http.SocketTube$SocketFlowTask.run(SocketTube.java:181)
	at java.net.http/jdk.internal.net.http.common.SequentialScheduler$SchedulableTask.run(SequentialScheduler.java:207)
	at java.net.http/jdk.internal.net.http.common.SequentialScheduler.runOrSchedule(SequentialScheduler.java:280)
	at java.net.http/jdk.internal.net.http.common.SequentialScheduler.runOrSchedule(SequentialScheduler.java:233)
	at java.net.http/jdk.internal.net.http.SocketTube$InternalReadPublisher$InternalReadSubscription.signalReadable(SocketTube.java:782)
	at java.net.http/jdk.internal.net.http.SocketTube$InternalReadPublisher$ReadEvent.signalEvent(SocketTube.java:965)
	at java.net.http/jdk.internal.net.http.SocketTube$SocketFlowEvent.handle(SocketTube.java:253)
	at java.net.http/jdk.internal.net.http.HttpClientImpl$SelectorManager.handleEvent(HttpClientImpl.java:1478)
	at java.net.http/jdk.internal.net.http.HttpClientImpl$SelectorManager.lambda$run$3(HttpClientImpl.java:1423)
	at java.base/java.util.ArrayList.forEach(ArrayList.java:1597)
	at java.net.http/jdk.internal.net.http.HttpClientImpl$SelectorManager.run(HttpClientImpl.java:1423)

</div> <!-- stack-trace -->
                  <em>
(Runs Cucumber Scenarios)                  </em>
                </div> <!-- method-content -->
              </div> <!-- method -->
            </div> <!-- main-panel-content rounded-window-bottom -->
          </div> <!-- suite-Default_suite-class-failed -->
          <div class="suite-Default_suite-class-passed">
            <div class="main-panel-header rounded-window-top">
              <img src="passed.png"/>
              <span class="class-name">testRunner.TestRunner</span>
            </div> <!-- main-panel-header rounded-window-top -->
            <div class="main-panel-content rounded-window-bottom">
              <div class="method">
                <div class="method-content">
                  <a name="runScenario(&quot;add product to tag&quot;, &quot;Add product to cart&quot;)">
                  </a> <!-- runScenario("add product to tag", "Add product to cart") -->
                  <span class="method-name">runScenario</span>
                  <span class="parameters">("add product to tag","Add product to cart")</span>
                  <em>
(Runs Cucumber Scenarios)                  </em>
                </div> <!-- method-content -->
              </div> <!-- method -->
              <div class="method">
                <div class="method-content">
                  <a name="runScenario(&quot;add product to tag&quot;, &quot;Add product to cart&quot;)">
                  </a> <!-- runScenario("add product to tag", "Add product to cart") -->
                  <span class="method-name">runScenario</span>
                  <span class="parameters">("add product to tag","Add product to cart")</span>
                  <em>
(Runs Cucumber Scenarios)                  </em>
                </div> <!-- method-content -->
              </div> <!-- method -->
            </div> <!-- main-panel-content rounded-window-bottom -->
          </div> <!-- suite-Default_suite-class-passed -->
        </div> <!-- panel Default_suite -->
        <div panel-name="test-xml-Default_suite" class="panel">
          <div class="main-panel-header rounded-window-top">
            <span class="header-content">C:\Users\karth\AppData\Local\Temp\testng-eclipse-546184349\testng-customsuite.xml</span>
          </div> <!-- main-panel-header rounded-window-top -->
          <div class="main-panel-content rounded-window-bottom">
            <pre>
&lt;?xml version=&quot;1.0&quot; encoding=&quot;UTF-8&quot;?&gt;
&lt;!DOCTYPE suite SYSTEM &quot;https://testng.org/testng-1.0.dtd&quot;&gt;
&lt;suite name=&quot;Default suite&quot; guice-stage=&quot;DEVELOPMENT&quot;&gt;
  &lt;test thread-count=&quot;5&quot; name=&quot;Default test&quot; verbose=&quot;2&quot;&gt;
    &lt;classes&gt;
      &lt;class name=&quot;testRunner.TestRunner&quot;/&gt;
    &lt;/classes&gt;
  &lt;/test&gt; &lt;!-- Default test --&gt;
&lt;/suite&gt; &lt;!-- Default suite --&gt;
            </pre>
          </div> <!-- main-panel-content rounded-window-bottom -->
        </div> <!-- panel -->
        <div panel-name="testlist-Default_suite" class="panel">
          <div class="main-panel-header rounded-window-top">
            <span class="header-content">Tests for Default suite</span>
          </div> <!-- main-panel-header rounded-window-top -->
          <div class="main-panel-content rounded-window-bottom">
            <ul>
              <li>
                <span class="test-name">Default test (1 class)</span>
              </li>
            </ul>
          </div> <!-- main-panel-content rounded-window-bottom -->
        </div> <!-- panel -->
        <div panel-name="group-Default_suite" class="panel">
          <div class="main-panel-header rounded-window-top">
            <span class="header-content">Groups for Default suite</span>
          </div> <!-- main-panel-header rounded-window-top -->
          <div class="main-panel-content rounded-window-bottom">
            <div class="test-group">
              <span class="test-group-name">cucumber</span>
              <br/>
              <div class="method-in-group">
                <span class="method-in-group-name">runScenario</span>
                <br/>
              </div> <!-- method-in-group -->
            </div> <!-- test-group -->
          </div> <!-- main-panel-content rounded-window-bottom -->
        </div> <!-- panel -->
        <div panel-name="times-Default_suite" class="panel">
          <div class="main-panel-header rounded-window-top">
            <span class="header-content">Times for Default suite</span>
          </div> <!-- main-panel-header rounded-window-top -->
          <div class="main-panel-content rounded-window-bottom">
            <div class="times-div">
              <script type="text/javascript">
suiteTableInitFunctions.push('tableData_Default_suite');
function tableData_Default_suite() {
var data = new google.visualization.DataTable();
data.addColumn('number', 'Number');
data.addColumn('string', 'Method');
data.addColumn('string', 'Class');
data.addColumn('number', 'Time (ms)');
data.addRows(4);
data.setCell(0, 0, 0)
data.setCell(0, 1, 'runScenario')
data.setCell(0, 2, 'testRunner.TestRunner')
data.setCell(0, 3, 46221);
data.setCell(1, 0, 1)
data.setCell(1, 1, 'runScenario')
data.setCell(1, 2, 'testRunner.TestRunner')
data.setCell(1, 3, 24798);
data.setCell(2, 0, 2)
data.setCell(2, 1, 'runScenario')
data.setCell(2, 2, 'testRunner.TestRunner')
data.setCell(2, 3, 22868);
data.setCell(3, 0, 3)
data.setCell(3, 1, 'runScenario')
data.setCell(3, 2, 'testRunner.TestRunner')
data.setCell(3, 3, 14759);
window.suiteTableData['Default_suite']= { tableData: data, tableDiv: 'times-div-Default_suite'}
return data;
}
              </script>
              <span class="suite-total-time">Total running time: 1 minutes</span>
              <div id="times-div-Default_suite">
              </div> <!-- times-div-Default_suite -->
            </div> <!-- times-div -->
          </div> <!-- main-panel-content rounded-window-bottom -->
        </div> <!-- panel -->
        <div panel-name="reporter-Default_suite" class="panel">
          <div class="main-panel-header rounded-window-top">
            <span class="header-content">Reporter output for Default suite</span>
          </div> <!-- main-panel-header rounded-window-top -->
          <div class="main-panel-content rounded-window-bottom">
          </div> <!-- main-panel-content rounded-window-bottom -->
        </div> <!-- panel -->
        <div panel-name="ignored-methods-Default_suite" class="panel">
          <div class="main-panel-header rounded-window-top">
            <span class="header-content">0 ignored methods</span>
          </div> <!-- main-panel-header rounded-window-top -->
          <div class="main-panel-content rounded-window-bottom">
          </div> <!-- main-panel-content rounded-window-bottom -->
        </div> <!-- panel -->
        <div panel-name="chronological-Default_suite" class="panel">
          <div class="main-panel-header rounded-window-top">
            <span class="header-content">Methods in chronological order</span>
          </div> <!-- main-panel-header rounded-window-top -->
          <div class="main-panel-content rounded-window-bottom">
            <div class="chronological-class">
              <div class="chronological-class-name">testRunner.TestRunner</div> <!-- chronological-class-name -->
              <div class="configuration-class before">
                <span class="method-name">setUpClass(org.testng.TestRunner@1128620c)</span>
                <span class="method-start">0 ms</span>
              </div> <!-- configuration-class before -->
              <div class="test-method">
                <img src="failed.png">
                </img>
                <span class="method-name">runScenario(": Serach Experience for product search in both homepage and offer page", "search and place the orde...)</span>
                <span class="method-start">1673 ms</span>
              </div> <!-- test-method -->
              <div class="test-method">
                <span class="method-name">runScenario("add product to tag", "Add product to cart")</span>
                <span class="method-start">1673 ms</span>
              </div> <!-- test-method -->
              <div class="test-method">
                <img src="failed.png">
                </img>
                <span class="method-name">runScenario(": Serach Experience for product search in both homepage and offer page", "search and place the orde...)</span>
                <span class="method-start">1674 ms</span>
              </div> <!-- test-method -->
              <div class="test-method">
                <span class="method-name">runScenario("add product to tag", "Add product to cart")</span>
                <span class="method-start">1674 ms</span>
              </div> <!-- test-method -->
              <div class="configuration-class after">
                <span class="method-name">tearDownClass</span>
                <span class="method-start">47902 ms</span>
              </div> <!-- configuration-class after -->
          </div> <!-- main-panel-content rounded-window-bottom -->
        </div> <!-- panel -->
      </div> <!-- main-panel-root -->
    </div> <!-- wrapper -->
  </body>
<script type="text/javascript" src="testng-reports2.js"></script>
</html>
